[debug] [2024-01-10T17:14:19.808Z] ----------------------------------------------------------------------
[debug] [2024-01-10T17:14:19.809Z] Command:       C:\Program Files\nodejs\node.exe C:\Users\Ankit Kumar\AppData\Roaming\npm\node_modules\firebase-tools\lib\bin\firebase.js init
[debug] [2024-01-10T17:14:19.810Z] CLI Version:   13.0.3
[debug] [2024-01-10T17:14:19.810Z] Platform:      win32
[debug] [2024-01-10T17:14:19.810Z] Node Version:  v18.15.0
[debug] [2024-01-10T17:14:19.811Z] Time:          Wed Jan 10 2024 22:44:19 GMT+0530 (India Standard Time)
[debug] [2024-01-10T17:14:19.811Z] ----------------------------------------------------------------------
[debug] 
[debug] [2024-01-10T17:14:19.817Z] > command requires scopes: ["email","openid","https://www.googleapis.com/auth/cloudplatformprojects.readonly","https://www.googleapis.com/auth/firebase","https://www.googleapis.com/auth/cloud-platform"]
[debug] [2024-01-10T17:14:19.818Z] > authorizing via signed-in user (momstory.co22@gmail.com)
[info] 
     ######## #### ########  ######## ########     ###     ######  ########
     ##        ##  ##     ## ##       ##     ##  ##   ##  ##       ##
     ######    ##  ########  ######   ########  #########  ######  ######
     ##        ##  ##    ##  ##       ##     ## ##     ##       ## ##
     ##       #### ##     ## ######## ########  ##     ##  ######  ########

You're about to initialize a Firebase project in this directory:

  C:\Users\Ankit Kumar\OneDrive\Desktop\Original\react\momstory

[info] 
=== Project Setup
[info] 
[info] First, let's associate this project directory with a Firebase project.
[info] You can create multiple project aliases by running firebase use --add, 
[info] but for now we'll just set up a default project.
[info] 
[debug] [2024-01-10T17:15:51.691Z] >>> [apiv2][query] GET https://firebase.googleapis.com/v1beta1/projects pageSize=100
[debug] [2024-01-10T17:15:52.788Z] <<< [apiv2][status] GET https://firebase.googleapis.com/v1beta1/projects 200
[debug] [2024-01-10T17:15:52.789Z] <<< [apiv2][body] GET https://firebase.googleapis.com/v1beta1/projects [omitted]
[info] i  Using project momstory-c09c1 (momstory) 
[info] 
=== Hosting Setup
[debug] [2024-01-10T17:15:55.720Z] >>> [apiv2][query] GET https://firebase.googleapis.com/v1beta1/projects/momstory-c09c1 [none]
[debug] [2024-01-10T17:15:56.235Z] <<< [apiv2][status] GET https://firebase.googleapis.com/v1beta1/projects/momstory-c09c1 200
[debug] [2024-01-10T17:15:56.236Z] <<< [apiv2][body] GET https://firebase.googleapis.com/v1beta1/projects/momstory-c09c1 {"projectId":"momstory-c09c1","projectNumber":"659825819708","displayName":"momstory","name":"projects/momstory-c09c1","resources":{"hostingSite":"momstory-c09c1"},"state":"ACTIVE","etag":"1_53529976-38a8-4a52-be19-c4b713d9abc8"}
[info] 
[info] Your public directory is the folder (relative to your project directory) that
[info] will contain Hosting assets to be uploaded with firebase deploy. If you
[info] have a build process for your assets, use your build's output directory.
[info] 
[debug] [2024-01-10T17:35:53.156Z] >>> [apiv2][query] GET https://www.gstatic.com/firebasejs/releases.json [none]
[debug] [2024-01-10T17:35:53.495Z] <<< [apiv2][status] GET https://www.gstatic.com/firebasejs/releases.json 200
[debug] [2024-01-10T17:35:53.495Z] <<< [apiv2][body] GET https://www.gstatic.com/firebasejs/releases.json {"current":{"version":"10.7.1","browserURL":"https://www.gstatic.com/firebasejs/10.7.1/firebase.js","packageURL":"https://www.gstatic.com/firebasejs/10.7.1/firebase.tgz"},"live":{"version":"10.7","browserURL":"https://www.gstatic.com/firebasejs/live/10.7/firebase.js","packageURL":"https://www.gstatic.com/firebasejs/live/10.7/firebase.tgz"},"components":{"analytics":"https://www.gstatic.com/firebasejs/10.7.1/firebase-analytics.js","app":"https://www.gstatic.com/firebasejs/10.7.1/firebase-app.js","app-check":"https://www.gstatic.com/firebasejs/10.7.1/firebase-app-check.js","auth":"https://www.gstatic.com/firebasejs/10.7.1/firebase-auth.js","auth/cordova":"https://www.gstatic.com/firebasejs/10.7.1/firebase-auth/cordova.js","functions":"https://www.gstatic.com/firebasejs/10.7.1/firebase-functions.js","firestore":"https://www.gstatic.com/firebasejs/10.7.1/firebase-firestore.js","firestore/lite":"https://www.gstatic.com/firebasejs/10.7.1/firebase-firestore/lite.js","installations":"https://www.gstatic.com/firebasejs/10.7.1/firebase-installations.js","storage":"https://www.gstatic.com/firebasejs/10.7.1/firebase-storage.js","performance":"https://www.gstatic.com/firebasejs/10.7.1/firebase-performance.js","remote-config":"https://www.gstatic.com/firebasejs/10.7.1/firebase-remote-config.js","messaging":"https://www.gstatic.com/firebasejs/10.7.1/firebase-messaging.js","messaging/sw":"https://www.gstatic.com/firebasejs/10.7.1/firebase-messaging/sw.js","database":"https://www.gstatic.com/firebasejs/10.7.1/firebase-database.js","firestore.memory":"https://www.gstatic.com/firebasejs/10.7.1/firebase-firestore.memory.js"}}
